c:\users\jiayujia\desktop\mainwindow\x64\release\mainwindow.obj
c:\users\jiayujia\desktop\mainwindow\x64\release\main.obj
c:\users\jiayujia\desktop\mainwindow\x64\release\vc143.pdb
c:\users\jiayujia\desktop\mainwindow\x64\release\qrc_mainwindow.obj
c:\users\jiayujia\desktop\mainwindow\x64\release\moc_mainwindow.obj
c:\users\jiayujia\desktop\mainwindow\x64\release\mainwindow.exe
c:\users\jiayujia\desktop\mainwindow\x64\release\mainwindow.ipdb
c:\users\jiayujia\desktop\mainwindow\x64\release\mainwindow.iobj
c:\users\jiayujia\desktop\mainwindow\x64\release\qt\uic\ui_mainwindow.h
c:\users\jiayujia\desktop\mainwindow\x64\release\qt\rcc\qrc_mainwindow.cpp
c:\users\jiayujia\desktop\mainwindow\x64\release\qt\moc\moc_mainwindow.cpp
c:\users\jiayujia\desktop\mainwindow\x64\release\mainwindow.tlog\cl.command.1.tlog
c:\users\jiayujia\desktop\mainwindow\x64\release\mainwindow.tlog\cl.items.tlog
c:\users\jiayujia\desktop\mainwindow\x64\release\mainwindow.tlog\cl.read.1.tlog
c:\users\jiayujia\desktop\mainwindow\x64\release\mainwindow.tlog\cl.write.1.tlog
c:\users\jiayujia\desktop\mainwindow\x64\release\mainwindow.tlog\link.command.1.tlog
c:\users\jiayujia\desktop\mainwindow\x64\release\mainwindow.tlog\link.read.1.tlog
c:\users\jiayujia\desktop\mainwindow\x64\release\mainwindow.tlog\link.write.1.tlog
c:\users\jiayujia\desktop\mainwindow\x64\release\mainwindow.tlog\link.write.2u.tlog
c:\users\jiayujia\desktop\mainwindow\x64\release\mainwindow.tlog\mainwindow.write.1u.tlog
c:\users\jiayujia\desktop\mainwindow\x64\release\mainwindow.tlog\moc.read.1u.tlog
c:\users\jiayujia\desktop\mainwindow\x64\release\mainwindow.tlog\moc.write.1u.tlog
c:\users\jiayujia\desktop\mainwindow\x64\release\mainwindow.tlog\rcc.read.1u.tlog
c:\users\jiayujia\desktop\mainwindow\x64\release\mainwindow.tlog\rcc.write.1u.tlog
c:\users\jiayujia\desktop\mainwindow\x64\release\mainwindow.tlog\uic.read.1u.tlog
c:\users\jiayujia\desktop\mainwindow\x64\release\mainwindow.tlog\uic.write.1u.tlog
