	 103 
 &ImageID        ImageName    RotationFlag
	 1 	 DJI_0342.JPG 	 1 
	 2 	 DJI_0343.JPG 	 1 
	 3 	 DJI_0344.JPG 	 1 
	 4 	 DJI_0345.JPG 	 1 
	 5 	 DJI_0346.JPG 	 1 
	 6 	 DJI_0347.JPG 	 1 
	 7 	 DJI_0348.JPG 	 1 
	 8 	 DJI_0349.JPG 	 1 
	 9 	 DJI_0350.JPG 	 1 
	 10 	 DJI_0351.JPG 	 1 
	 11 	 DJI_0352.JPG 	 1 
	 12 	 DJI_0353.JPG 	 1 
	 13 	 DJI_0354.JPG 	 1 
	 14 	 DJI_0355.JPG 	 1 
	 15 	 DJI_0356.JPG 	 1 
	 16 	 DJI_0357.JPG 	 1 
	 17 	 DJI_0358.JPG 	 1 
	 18 	 DJI_0359.JPG 	 1 
	 19 	 DJI_0360.JPG 	 1 
	 20 	 DJI_0361.JPG 	 1 
	 21 	 DJI_0362.JPG 	 1 
	 22 	 DJI_0363.JPG 	 1 
	 23 	 DJI_0381.JPG 	 1 
	 24 	 DJI_0380.JPG 	 1 
	 25 	 DJI_0379.JPG 	 1 
	 26 	 DJI_0378.JPG 	 1 
	 27 	 DJI_0377.JPG 	 1 
	 28 	 DJI_0376.JPG 	 1 
	 29 	 DJI_0375.JPG 	 1 
	 30 	 DJI_0374.JPG 	 1 
	 31 	 DJI_0373.JPG 	 1 
	 32 	 DJI_0372.JPG 	 1 
	 33 	 DJI_0371.JPG 	 1 
	 34 	 DJI_0370.JPG 	 1 
	 35 	 DJI_0369.JPG 	 1 
	 36 	 DJI_0368.JPG 	 1 
	 37 	 DJI_0367.JPG 	 1 
	 38 	 DJI_0366.JPG 	 1 
	 39 	 DJI_0365.JPG 	 1 
	 40 	 DJI_0364.JPG 	 1 
	 41 	 DJI_0382.JPG 	 1 
	 42 	 DJI_0383.JPG 	 1 
	 43 	 DJI_0384.JPG 	 1 
	 44 	 DJI_0385.JPG 	 1 
	 45 	 DJI_0386.JPG 	 1 
	 46 	 DJI_0387.JPG 	 1 
	 47 	 DJI_0388.JPG 	 1 
	 48 	 DJI_0389.JPG 	 1 
	 49 	 DJI_0390.JPG 	 1 
	 50 	 DJI_0391.JPG 	 1 
	 51 	 DJI_0392.JPG 	 1 
	 52 	 DJI_0393.JPG 	 1 
	 53 	 DJI_0394.JPG 	 1 
	 54 	 DJI_0395.JPG 	 1 
	 55 	 DJI_0396.JPG 	 1 
	 56 	 DJI_0397.JPG 	 1 
	 57 	 DJI_0398.JPG 	 1 
	 58 	 DJI_0399.JPG 	 1 
	 59 	 DJI_0400.JPG 	 1 
	 60 	 DJI_0401.JPG 	 1 
	 61 	 DJI_0402.JPG 	 1 
	 62 	 DJI_0403.JPG 	 1 
	 63 	 DJI_0404.JPG 	 1 
	 64 	 DJI_0405.JPG 	 1 
	 65 	 DJI_0406.JPG 	 1 
	 66 	 DJI_0423.JPG 	 1 
	 67 	 DJI_0422.JPG 	 1 
	 68 	 DJI_0421.JPG 	 1 
	 69 	 DJI_0420.JPG 	 1 
	 70 	 DJI_0419.JPG 	 1 
	 71 	 DJI_0418.JPG 	 1 
	 72 	 DJI_0417.JPG 	 1 
	 73 	 DJI_0416.JPG 	 1 
	 74 	 DJI_0415.JPG 	 1 
	 75 	 DJI_0414.JPG 	 1 
	 76 	 DJI_0413.JPG 	 1 
	 77 	 DJI_0412.JPG 	 1 
	 78 	 DJI_0411.JPG 	 1 
	 79 	 DJI_0410.JPG 	 1 
	 80 	 DJI_0409.JPG 	 1 
	 81 	 DJI_0408.JPG 	 1 
	 82 	 DJI_0407.JPG 	 1 
	 83 	 DJI_0424.JPG 	 1 
	 84 	 DJI_0425.JPG 	 1 
	 85 	 DJI_0426.JPG 	 1 
	 86 	 DJI_0427.JPG 	 1 
	 87 	 DJI_0428.JPG 	 1 
	 88 	 DJI_0429.JPG 	 1 
	 89 	 DJI_0430.JPG 	 1 
	 90 	 DJI_0431.JPG 	 1 
	 91 	 DJI_0432.JPG 	 1 
	 92 	 DJI_0433.JPG 	 1 
	 93 	 DJI_0434.JPG 	 1 
	 94 	 DJI_0435.JPG 	 1 
	 95 	 DJI_0436.JPG 	 1 
	 96 	 DJI_0437.JPG 	 1 
	 97 	 DJI_0438.JPG 	 1 
	 98 	 DJI_0439.JPG 	 1 
	 99 	 DJI_0440.JPG 	 1 
	 100 	 DJI_0441.JPG 	 1 
	 101 	 DJI_0442.JPG 	 1 
	 102 	 DJI_0443.JPG 	 1 
	 103 	 DJI_0444.JPG 	 1 
