

		VirtuoZo 质 量 报 告



		内定向信息： (D:\2022302131030\Hammer\156-155) 
------------------------------------------------------------------
左原始影像 ( D:\2022302131030\Hammer\Images\01-156_50mic.vz )：

	   起点坐标 [行数 X 列数]：	  2529.018   2563.039
	                    [  x0   X   y0  ]：	     0.000      0.000

	   RMS:    Mx =      0.003  My =      0.004
	   残差: 	点号	     dx	    dy
		 1	    -0.002	    -0.002
		 2	     0.001	     0.001
		 3	    -0.005	     0.002
		 4	     0.002	     0.007
		 5	     0.001	     0.003
		 6	     0.003	    -0.001
		 7	     0.003	    -0.006
		 8	    -0.002	    -0.003

右原始影像 ( D:\2022302131030\Hammer\Images\01-155_50mic.vz )：

	   起点坐标 [行数 X 列数]：	  2558.743   2559.791
	                    [  x0   X   y0  ]：	     0.000      0.000

	   RMS:   Mx =      0.004  My =      0.005
	   残差: 	点号	     dx	    dy
		 1	     0.007	    -0.003
		 2	    -0.004	     0.001
		 3	     0.002	    -0.006
		 4	     0.001	     0.008
		 5	     0.000	     0.003
		 6	     0.002	     0.004
		 7	    -0.001	    -0.001
		 8	    -0.007	    -0.006
------------------------------------------------------------------


		相对定向信息： (D:\2022302131030\Hammer\156-155)
------------------------------------------------------------------
相对定向信息：

左旋转矩阵：
	 							 
	 	0.99995297	0.00492000	0.00834800	 
	 	-0.00492000	0.99998802	-0.00000000	 
	 	-0.00834800	-0.00004100	0.99996501	 
	 							 

右旋转矩阵：
	 							 
	 	0.99997199	-0.00368400	0.00649000	 
	 	0.00364000	0.99997097	0.00675600	 
	 	-0.00651500	-0.00673200	0.99995601	 
	 							 

右片旋转角 (rad)：
		Phi   = 	-0.00834800
		Omiga = 	0.00000000
		Kappa = 	-0.00492000

左片旋转角 (rad)：
		Phi   = 	-0.00649100
		Omiga = 	-0.00675600
		Kappa = 	0.00364100

残差：	点号	 dq
    	1	 -0.005000
    	2	 -0.003000
    	3	 -0.000000
    	4	 -0.007000
    	5	  0.000000
    	6	  0.010000
    	7	 -0.005000
    	8	  0.004000
    	9	 -0.004000
    	10	 -0.000000
    	11	 -0.001000
    	12	 -0.002000
    	13	 -0.005000
    	14	 -0.004000
    	15	  0.006000
    	16	 -0.006000
    	17	 -0.003000
    	18	  0.005000
    	19	 -0.006000
    	20	  0.001000
    	21	  0.009000
    	22	 -0.010000
    	23	  0.005000
    	24	  0.003000
    	25	 -0.005000
    	26	  0.002000
    	27	  0.003000
    	28	 -0.008000
    	29	  0.001000
    	30	  0.004000
    	31	  0.011000
    	32	 -0.007000
    	33	  0.004000
    	34	 -0.003000
    	35	  0.004000
    	36	 -0.004000
    	37	 -0.003000
    	38	  0.006000
    	39	 -0.003000
    	40	 -0.001000
    	41	  0.006000
    	42	  0.003000
    	43	 -0.008000
    	44	  0.007000
    	45	  0.008000
    	46	  0.005000
    	47	 -0.010000
    	48	  0.008000
    	49	  0.009000
    	50	  0.004000
    	51	 -0.003000
    	52	 -0.007000
    	53	  0.005000
    	54	  0.010000
    	55	  0.002000
    	56	 -0.002000
    	57	 -0.000000
    	58	  0.009000
    	59	  0.007000
    	60	  0.004000
    	61	  0.004000
    	62	 -0.002000
    	63	  0.000000
    	64	  0.005000
    	65	  0.006000
    	66	 -0.000000
    	67	 -0.002000
    	68	  0.007000
    	69	  0.000000
    	70	  0.004000
    	71	  0.002000
    	72	 -0.001000
    	73	  0.000000
    	74	 -0.008000
    	75	 -0.004000
    	76	  0.002000
    	77	 -0.001000
    	78	 -0.010000
    	79	  0.004000
    	80	  0.003000
    	81	  0.008000
    	82	 -0.001000
    	83	 -0.006000
    	84	  0.009000
    	85	 -0.008000
    	86	 -0.006000
    	87	  0.010000
    	88	 -0.003000
    	89	  0.006000
    	90	 -0.010000
    	91	  0.000000
    	92	 -0.011000
    	93	  0.003000
    	94	 -0.006000
    	95	  0.002000
    	96	 -0.007000
    	97	 -0.006000
    	98	 -0.001000
    	99	  0.003000
    	100	 -0.002000
    	101	 -0.002000
    	102	 -0.010000
    	103	  0.004000
    	104	 -0.002000
    	105	 -0.001000
    	106	 -0.005000
    	107	  0.003000
    	108	 -0.001000
    	109	  0.006000
    	110	 -0.002000
    	111	 -0.006000
    	112	 -0.001000
    	113	 -0.008000
    	114	 -0.012000
    	115	 -0.011000
    	116	 -0.001000
    	117	  0.006000
    	118	  0.007000
    	119	 -0.003000
    	120	 -0.004000
    	121	  0.005000
    	122	  0.007000
    	123	 -0.004000
    	124	  0.004000
    	125	  0.008000
    	126	  0.008000
    	127	 -0.006000
    	128	  0.003000
    	129	 -0.008000
    	130	  0.000000
    	131	 -0.003000
    	132	  0.005000
    	133	 -0.004000
    	134	  0.003000
    	135	  0.000000
    	136	 -0.004000
    	137	 -0.009000
    	138	  0.001000
    	139	 -0.000000
    	140	  0.007000
    	141	  0.005000
    	142	  0.002000
    	143	 -0.006000
    	144	  0.004000
    	145	  0.002000
    	146	  0.002000
    	147	  0.005000
    	148	 -0.003000
    	149	 -0.004000
    	150	 -0.005000
    	151	 -0.008000
    	152	  0.000000
    	153	 -0.002000
    	154	 -0.001000
    	155	  0.009000
    	156	  0.009000
    	157	  0.005000
    	158	  0.002000
    	159	 -0.006000
    	160	  0.003000
    	161	  0.002000
    	162	 -0.003000
    	163	  0.011000
    	164	  0.004000
    	165	 -0.002000
    	166	  0.004000
    	167	 -0.009000
    	168	  0.008000
    	169	  0.001000
    	170	 -0.001000
    	171	 -0.002000
    	172	  0.009000
    	173	  0.010000
    	174	 -0.001000
    	175	 -0.005000
    	176	  0.006000
    	177	  0.003000
    	178	  0.003000
    	179	  0.004000
    	180	 -0.001000
    	181	 -0.002000
    	182	 -0.009000
    	183	  0.005000
    	184	  0.004000
    	185	  0.001000
    	186	 -0.009000
    	187	 -0.008000
    	188	 -0.007000
    	189	 -0.003000
    	190	 -0.005000
    	191	  0.007000
    	192	  0.002000
    	2156	  0.009000
    	6156	  0.000000
    	1156	 -0.001000
    	1155	  0.008000
    	2155	 -0.040000
    	6155	 -0.002000

  RMS:	Mq =   0.006000

------------------------------------------------------------------


		绝对定向信息：  (D:\2022302131030\Hammer\156-155)
------------------------------------------------------------------
绝对定向信息：

左旋转矩阵：
	 							 
	 	0.99993813	0.01112282	0.00005560	 
	 	-0.01112293	0.99993467	0.00262361	 
	 	-0.00002641	-0.00262407	0.99999654	 
	 							 

右旋转矩阵：
	 							 
	 	0.99999511	0.00257468	-0.00175990	 
	 	-0.00255804	0.99995261	0.00939094	 
	 	0.00178400	-0.00938639	0.99995434	 
	 							 

左片摄站坐标：
		Xs =    14920.830 Ys =    11533.643 Zs =     3229.276

右片摄站坐标：
		Xs =    16294.913 Ys =    11525.149 Zs =     3240.694




残差：
		  
 		  2156         0.013080        -0.234995        -0.068586
 		  6156         0.011485        -0.244538        -0.039646
 		  1156         0.202911         0.112041         0.108359
 		  1155         0.066955         0.236991        -0.115745
 		  2155        -0.064790        -0.166981         0.031061
 		  6155        -0.229642         0.297482         0.084556
 		  
 
    RMS:	mx =             0.130953  my =             0.223651
    	mxy =             0.259168  mz =             0.081167
------------------------------------------------------------------
