

		VirtuoZo 质 量 报 告



		内定向信息： (D:\2022302131030\Hammer\164-165) 
------------------------------------------------------------------
左原始影像 ( D:\2022302131030\Hammer\Images\02-164_50mic.vz )：

	   起点坐标 [行数 X 列数]：	  2558.792   2559.906
	                    [  x0   X   y0  ]：	     0.000      0.000

	   RMS:    Mx =      0.004  My =      0.004
	   残差: 	点号	     dx	    dy
		 1	    -0.008	    -0.001
		 2	     0.001	    -0.004
		 3	    -0.001	     0.004
		 4	     0.000	     0.001
		 5	     0.004	     0.003
		 6	    -0.001	     0.002
		 7	    -0.002	    -0.008
		 8	     0.006	     0.003

右原始影像 ( D:\2022302131030\Hammer\Images\02-165_50mic.vz )：

	   起点坐标 [行数 X 列数]：	  2559.066   2559.724
	                    [  x0   X   y0  ]：	     0.000      0.000

	   RMS:   Mx =      0.001  My =      0.003
	   残差: 	点号	     dx	    dy
		 1	     0.000	     0.006
		 2	     0.000	    -0.001
		 3	     0.001	     0.001
		 4	    -0.001	    -0.001
		 5	     0.001	    -0.005
		 6	    -0.002	     0.002
		 7	     0.001	     0.000
		 8	     0.000	    -0.003
------------------------------------------------------------------


		相对定向信息： (D:\2022302131030\Hammer\164-165)
------------------------------------------------------------------
相对定向信息：

左旋转矩阵：
	 							 
	 	0.99998999	0.00262300	0.00365700	 
	 	-0.00262300	0.99999702	-0.00000000	 
	 	-0.00365700	-0.00001000	0.99999303	 
	 							 

右旋转矩阵：
	 							 
	 	0.99985200	0.00801700	0.01522700	 
	 	-0.00816900	0.99991697	0.00992800	 
	 	-0.01514700	-0.01005100	0.99983501	 
	 							 

右片旋转角 (rad)：
		Phi   = 	-0.00365700
		Omiga = 	0.00000000
		Kappa = 	-0.00262300

左片旋转角 (rad)：
		Phi   = 	-0.01522900
		Omiga = 	-0.00992800
		Kappa = 	-0.00816900

残差：	点号	 dq
    	1	 -0.006000
    	2	  0.003000
    	3	  0.004000
    	4	 -0.003000
    	5	 -0.003000
    	6	 -0.004000
    	7	 -0.011000
    	8	  0.011000
    	9	 -0.000000
    	10	  0.007000
    	11	 -0.002000
    	12	 -0.005000
    	13	  0.004000
    	14	 -0.008000
    	15	  0.002000
    	16	  0.008000
    	17	 -0.010000
    	18	  0.003000
    	19	 -0.007000
    	20	 -0.009000
    	21	 -0.007000
    	22	 -0.003000
    	23	  0.006000
    	24	  0.003000
    	25	  0.008000
    	26	  0.003000
    	27	 -0.003000
    	28	  0.002000
    	29	  0.005000
    	30	  0.008000
    	31	 -0.010000
    	32	  0.006000
    	33	  0.007000
    	34	  0.005000
    	35	 -0.004000
    	36	 -0.004000
    	37	  0.001000
    	38	 -0.011000
    	39	 -0.003000
    	40	  0.007000
    	41	  0.007000
    	42	 -0.007000
    	43	 -0.008000
    	44	 -0.006000
    	45	  0.007000
    	46	 -0.004000
    	47	  0.005000
    	48	  0.005000
    	49	 -0.005000
    	50	 -0.004000
    	51	  0.001000
    	52	 -0.002000
    	53	 -0.000000
    	54	 -0.001000
    	55	 -0.007000
    	56	  0.005000
    	57	  0.010000
    	58	  0.009000
    	59	  0.010000
    	60	  0.003000
    	61	  0.001000
    	62	 -0.006000
    	63	 -0.008000
    	64	  0.000000
    	65	 -0.007000
    	66	  0.004000
    	67	 -0.002000
    	68	 -0.007000
    	69	  0.007000
    	70	 -0.003000
    	71	 -0.002000
    	72	  0.009000
    	73	  0.001000
    	74	 -0.004000
    	75	 -0.000000
    	76	 -0.001000
    	77	  0.005000
    	78	 -0.008000
    	79	 -0.006000
    	80	  0.001000
    	81	 -0.004000
    	82	  0.001000
    	83	  0.002000
    	84	  0.003000
    	85	  0.001000
    	86	 -0.003000
    	87	  0.008000
    	88	  0.011000
    	89	  0.005000
    	90	  0.002000
    	91	  0.003000
    	92	  0.007000
    	93	 -0.009000
    	94	 -0.004000
    	95	  0.006000
    	96	  0.008000
    	97	 -0.002000
    	98	 -0.002000
    	99	  0.001000
    	100	 -0.004000
    	101	  0.003000
    	102	 -0.002000
    	103	 -0.009000
    	104	 -0.002000
    	105	  0.003000
    	106	  0.002000
    	107	  0.002000
    	108	 -0.008000
    	109	  0.001000
    	110	  0.007000
    	111	 -0.002000
    	112	  0.005000
    	113	 -0.002000
    	114	  0.004000
    	115	 -0.002000
    	116	  0.003000
    	117	  0.003000
    	118	 -0.002000
    	119	 -0.009000
    	120	  0.003000
    	121	 -0.002000
    	122	 -0.002000
    	123	  0.006000
    	124	  0.009000
    	125	  0.008000
    	126	  0.005000
    	127	  0.001000
    	128	 -0.003000
    	129	  0.003000
    	130	  0.002000
    	131	 -0.009000
    	132	 -0.007000
    	133	  0.008000
    	134	  0.010000
    	135	  0.006000
    	136	 -0.008000
    	137	 -0.007000
    	138	  0.002000
    	139	  0.006000
    	140	 -0.000000
    	141	  0.007000
    	142	 -0.006000
    	143	 -0.001000
    	144	  0.003000
    	145	  0.007000
    	146	 -0.005000
    	147	  0.007000
    	148	  0.005000
    	149	  0.008000
    	150	  0.007000
    	151	 -0.002000
    	152	 -0.003000
    	153	 -0.009000
    	154	 -0.009000
    	155	 -0.007000
    	156	  0.010000
    	157	 -0.010000
    	158	 -0.001000
    	159	 -0.004000
    	160	  0.008000
    	161	 -0.005000
    	162	  0.002000
    	163	  0.008000
    	164	  0.000000
    	165	 -0.010000
    	166	  0.002000
    	167	  0.003000
    	168	 -0.005000
    	169	  0.006000
    	170	  0.000000
    	171	  0.002000
    	172	 -0.001000
    	173	 -0.001000
    	174	 -0.003000
    	175	  0.003000
    	176	  0.002000
    	177	  0.001000
    	178	  0.002000
    	179	 -0.006000
    	180	 -0.005000
    	181	  0.008000
    	182	  0.005000
    	183	 -0.006000
    	184	 -0.005000
    	185	 -0.009000
    	186	  0.001000
    	187	 -0.002000
    	188	 -0.002000
    	189	 -0.004000
    	190	 -0.003000
    	191	 -0.004000
    	192	 -0.008000
    	193	 -0.000000
    	194	 -0.001000
    	195	  0.001000
    	196	 -0.004000
    	197	 -0.005000
    	198	 -0.003000
    	199	  0.008000
    	200	 -0.000000
    	201	  0.006000
    	6156	 -0.013000
    	2265	 -0.002000
    	6265	 -0.008000
    	6157	  0.010000
    	2264	 -0.000000
    	3264	  0.008000

  RMS:	Mq =   0.006000

------------------------------------------------------------------


		绝对定向信息：  (D:\2022302131030\Hammer\164-165)
------------------------------------------------------------------
绝对定向信息：

左旋转矩阵：
	 							 
	 	0.99990380	0.01387134	0.00010849	 
	 	-0.01386778	0.99977326	-0.01615785	 
	 	-0.00033260	0.01615479	0.99986947	 
	 							 

右旋转矩阵：
	 							 
	 	0.99974424	0.01930011	0.01179058	 
	 	-0.01922608	0.99979496	-0.00636024	 
	 	-0.01191091	0.00613193	0.99991024	 
	 							 

左片摄站坐标：
		Xs =    13500.537 Ys =     9110.685 Zs =     3271.469

右片摄站坐标：
		Xs =    14864.465 Ys =     9095.265 Zs =     3276.061




残差：
		  
 		  6156         0.077218        -0.061011        -0.119875
 		  2265        -0.140163        -0.123067        -0.059562
 		  6265         0.175784         0.221498         0.169333
 		  6157        -0.029874         0.105359         0.286866
 		  2264         0.077028        -0.103999        -0.246447
 		  3264        -0.159993        -0.038780        -0.030316
 		  
 
    RMS:	mx =             0.121745  my =             0.123389
    	mxy =             0.173340  mz =             0.178203
------------------------------------------------------------------
